{
  "stats": {
    "suites": 1,
    "tests": 2,
    "passes": 2,
    "pending": 0,
    "failures": 0,
    "start": "2023-03-13T17:51:32.864Z",
    "end": "2023-03-13T17:51:37.721Z",
    "duration": 4857,
    "testsRegistered": 2,
    "passPercent": 100,
    "pendingPercent": 0,
    "other": 0,
    "hasOther": false,
    "skipped": 0,
    "hasSkipped": false
  },
  "results": [
    {
      "uuid": "15eb99ea-6662-432d-9dcd-2c77fef2938e",
      "title": "",
      "fullFile": "cypress\\e2e\\buy-shirt.cy.ts",
      "file": "cypress\\e2e\\buy-shirt.cy.ts",
      "beforeHooks": [],
      "afterHooks": [],
      "tests": [],
      "suites": [
        {
          "uuid": "98a30336-b4ce-4673-9c35-3256e52b7123",
          "title": "Steps to buy a black t-shirt",
          "fullFile": "",
          "file": "",
          "beforeHooks": [],
          "afterHooks": [],
          "tests": [
            {
              "title": "Login in sauce Page with empty fields",
              "fullTitle": "Steps to buy a black t-shirt Login in sauce Page with empty fields",
              "timedOut": null,
              "duration": 1392,
              "state": "passed",
              "speed": "fast",
              "pass": true,
              "fail": false,
              "pending": false,
              "context": null,
              "code": "loginPage.visitLoginPage(this.data.URL);\nloginPage.clickOnLoginButton();\nloginPage.verifyErrorMessage(this.data.USERNAME_IS_REQUIRED_MESSAGE);",
              "err": {},
              "uuid": "20e68aec-006c-4146-aeca-faf92e6ee2f4",
              "parentUUID": "98a30336-b4ce-4673-9c35-3256e52b7123",
              "isHook": false,
              "skipped": false
            },
            {
              "title": "When the user select item and do checkout",
              "fullTitle": "Steps to buy a black t-shirt When the user select item and do checkout",
              "timedOut": null,
              "duration": 2017,
              "state": "passed",
              "speed": "fast",
              "pass": true,
              "fail": false,
              "pending": false,
              "context": null,
              "code": "loginPage.visitLoginPage(this.data.URL);\nloginPage.signIn();\nloginPage.clickOnLoginButton();\nproductsListPage.verifyPageTitle(this.data.PRODUCTS_TITLE);\nproductsListPage.selectItem(this.data.ITEM_NAME);\nitemPage.addToCart();\nitemPage.selectShoppingCart();\nshoppingCartPage.selectCheckout(this.data.ITEM_NAME, this.data.ITEM_PRICE);\ninformationPage.fillCheckoutInformation(this.data.FIRST_NAME, this.data.LAST_NAME, this.data.ZIP_POSTAL_CODE);\noverviewPage.validateOverView(this.data.ITEM_NAME, this.data.ITEM_PRICE, this.data.TAX);\noverviewPage.validateComputedTotalPay();\noverviewPage.clickOnFinishButton();\ncheckoutCompletePage.validateCheckoutComplete('Checkout: Complete!', 'Thank you for your order!');",
              "err": {},
              "uuid": "336d64c1-cbbb-424a-b45b-ac51144950c4",
              "parentUUID": "98a30336-b4ce-4673-9c35-3256e52b7123",
              "isHook": false,
              "skipped": false
            }
          ],
          "suites": [],
          "passes": [
            "20e68aec-006c-4146-aeca-faf92e6ee2f4",
            "336d64c1-cbbb-424a-b45b-ac51144950c4"
          ],
          "failures": [],
          "pending": [],
          "skipped": [],
          "duration": 3409,
          "root": false,
          "rootEmpty": false,
          "_timeout": 2000
        }
      ],
      "passes": [],
      "failures": [],
      "pending": [],
      "skipped": [],
      "duration": 0,
      "root": true,
      "rootEmpty": true,
      "_timeout": 2000
    }
  ],
  "meta": {
    "mocha": {
      "version": "7.0.1"
    },
    "mochawesome": {
      "options": {
        "quiet": false,
        "reportFilename": "mochawesome",
        "saveHtml": true,
        "saveJson": true,
        "consoleReporter": "spec",
        "useInlineDiffs": false,
        "code": true
      },
      "version": "7.1.3"
    },
    "marge": {
      "options": {
        "id": "default"
      },
      "version": "6.2.0"
    }
  }
}